mode: set
ddd-to-do-list/internal/aggregate/activity.go:13.58,14.17 1 1
ddd-to-do-list/internal/aggregate/activity.go:17.2,17.17 1 1
ddd-to-do-list/internal/aggregate/activity.go:20.2,23.8 1 1
ddd-to-do-list/internal/aggregate/activity.go:14.17,16.3 1 1
ddd-to-do-list/internal/aggregate/activity.go:17.17,19.3 1 1
ddd-to-do-list/internal/aggregate/activity.go:26.64,32.2 1 1
ddd-to-do-list/internal/usecase/activity_usecase_impl.go:12.71,14.16 2 0
ddd-to-do-list/internal/usecase/activity_usecase_impl.go:17.2,17.22 1 0
ddd-to-do-list/internal/usecase/activity_usecase_impl.go:14.16,16.3 1 0
ddd-to-do-list/internal/usecase/activity_usecase_impl.go:20.77,24.2 1 1
ddd-to-do-list/internal/infrastructure/database/mysql/repository/activity_repository_mysql.go:17.77,19.2 1 1
ddd-to-do-list/internal/infrastructure/database/mysql/repository/activity_repository_mysql.go:21.106,23.16 2 1
ddd-to-do-list/internal/infrastructure/database/mysql/repository/activity_repository_mysql.go:28.2,28.15 1 1
ddd-to-do-list/internal/infrastructure/database/mysql/repository/activity_repository_mysql.go:34.2,35.18 2 1
ddd-to-do-list/internal/infrastructure/database/mysql/repository/activity_repository_mysql.go:50.2,51.43 2 1
ddd-to-do-list/internal/infrastructure/database/mysql/repository/activity_repository_mysql.go:59.2,59.24 1 1
ddd-to-do-list/internal/infrastructure/database/mysql/repository/activity_repository_mysql.go:23.16,26.3 2 1
ddd-to-do-list/internal/infrastructure/database/mysql/repository/activity_repository_mysql.go:28.15,30.20 2 1
ddd-to-do-list/internal/infrastructure/database/mysql/repository/activity_repository_mysql.go:30.20,32.4 1 0
ddd-to-do-list/internal/infrastructure/database/mysql/repository/activity_repository_mysql.go:35.18,43.17 3 1
ddd-to-do-list/internal/infrastructure/database/mysql/repository/activity_repository_mysql.go:47.3,47.41 1 1
ddd-to-do-list/internal/infrastructure/database/mysql/repository/activity_repository_mysql.go:43.17,45.4 1 0
ddd-to-do-list/internal/infrastructure/database/mysql/repository/activity_repository_mysql.go:51.43,57.3 1 1
ddd-to-do-list/internal/infrastructure/database/mysql/repository/activity_repository_mysql.go:62.87,66.16 3 1
ddd-to-do-list/internal/infrastructure/database/mysql/repository/activity_repository_mysql.go:70.2,70.8 1 1
ddd-to-do-list/internal/infrastructure/database/mysql/repository/activity_repository_mysql.go:66.16,68.3 1 1
ddd-to-do-list/internal/infrastructure/database/mysql/repository/activity_repository_mysql.go:73.100,77.16 3 1
ddd-to-do-list/internal/infrastructure/database/mysql/repository/activity_repository_mysql.go:81.2,81.8 1 1
ddd-to-do-list/internal/infrastructure/database/mysql/repository/activity_repository_mysql.go:77.16,79.3 1 1
ddd-to-do-list/internal/infrastructure/database/mysql/repository/activity_repository_mysql.go:84.86,92.16 3 1
ddd-to-do-list/internal/infrastructure/database/mysql/repository/activity_repository_mysql.go:95.2,95.12 1 1
ddd-to-do-list/internal/infrastructure/database/mysql/repository/activity_repository_mysql.go:92.16,94.3 1 1
